2023-05-19 22:26:05,285 =============================================================
2023-05-19 22:26:05,285 =============================================================
2023-05-19 22:26:05,285 Today is 2023-05-19 at 10:26 PM
2023-05-19 22:26:05,285 This file is running on: posix Darwin 20.6.0
2023-05-19 22:26:05,285 The Python version is: 3.11.3
2023-05-19 22:26:05,285 The active conda environment is:  None
2023-05-19 22:26:05,285 The active pip environment is:    None
2023-05-19 22:26:05,285 The active environment path is:   /Library/Frameworks/Python.framework/Versions/3.11
2023-05-19 22:26:05,286 The current working directory is: /Users/sarah/Documents/datafun-03-datatypes
2023-05-19 22:26:05,286 This source file is in:           /Users/sarah/Documents/datafun-03-datatypes
2023-05-19 22:26:05,286 =============================================================
2023-05-19 22:26:05,286 =============================================================
2023-05-19 22:26:05,286 Calling functions from main block
2023-05-19 22:26:05,286 Calling process_text_woodchuck()
2023-05-19 22:26:05,287 The list of words is: ['How', 'much', 'wood', 'would', 'a', 'woodchuck', 'chuck', 'if', 'a', 'woodchuck', 'could', 'chuck', 'wood?', 'He', 'would', 'chuck,', 'he', 'would,', 'as', 'much', 'as', 'he', 'could,', 'and', 'chuck', 'as', 'much', 'wood', 'as', 'a', 'woodchuck', 'would', 'if', 'a', 'woodchuck', 'could', 'chuck', 'wood.']
2023-05-19 22:26:05,287 There are 38 words in the file.
2023-05-19 22:26:05,287 The set of unique words is: {'much', 'woodchuck', 'could,', 'if', 'and', 'a', 'he', 'would,', 'as', 'would', 'wood?', 'How', 'chuck', 'chuck,', 'wood.', 'could', 'wood', 'He'}
2023-05-19 22:26:05,287 There are 18 unique words in the file.
2023-05-19 22:26:05,287 Calling create_random_sentence()
2023-05-19 22:26:05,287 Random sentence: The bored dog swims slowly.
2023-05-19 22:26:05,287 Calling create_random_sentence()
2023-05-19 22:26:05,287 Random sentence: The angry snake swims happily.
2023-05-19 22:26:05,287 Calling play_game()
2023-05-19 22:26:05,288 ready_for_continous_game = True
