2023-05-24 19:12:29,090 =============================================================
2023-05-24 19:12:29,091 =============================================================
2023-05-24 19:12:29,091 Today is 2023-05-24 at 07:12 PM
2023-05-24 19:12:29,091 This file is running on: posix Darwin 20.6.0
2023-05-24 19:12:29,091 The Python version is: 3.11.3
2023-05-24 19:12:29,091 The active conda environment is:  None
2023-05-24 19:12:29,092 The active pip environment is:    None
2023-05-24 19:12:29,092 The active environment path is:   /Library/Frameworks/Python.framework/Versions/3.11
2023-05-24 19:12:29,092 The current working directory is: /Users/sarah/Documents/datafun-03-datatypes
2023-05-24 19:12:29,092 This source file is in:           /Users/sarah/Documents/datafun-03-datatypes
2023-05-24 19:12:29,092 =============================================================
2023-05-24 19:12:29,092 =============================================================
2023-05-24 19:12:29,092 Calling functions from main block
2023-05-24 19:12:29,092 Let's create 5 lists of words that we could use in our menu for Sarah's Sammie Shoppe.
2023-05-24 19:12:29,092 The sandwich names: ['BLT', 'Fried Chicken', 'Flank Steak', 'Sliced Turkey', 'Pulled Pork', 'Portabella Mushroom']
2023-05-24 19:12:29,092 The veggie toppings: ['lettuce', 'jalapenos', 'grilled peppers', 'onions', 'tomato', 'pickles']
2023-05-24 19:12:29,092 The cheeses: ['colby', 'pepper jack', 'american', 'cheddar', 'provolone', 'Gruyere']
2023-05-24 19:12:29,092 The spreads: ['mayonnaise', 'garlic aioli', 'honey mustard', 'guacamole', 'ranch', 'pepper BBQ']
2023-05-24 19:12:29,092 The marketing adjectives: ['Dynamic', 'Subtle', 'Juicy', 'Stellar', 'Fresh', 'Jammin']
2023-05-24 19:12:29,093 
2023-05-24 19:12:29,093 String Lists 1. Using Python Built-in Functions
2023-05-24 19:12:29,093 Here are all of the words that we can choose from in a tuple if needed: [('BLT', 'Dynamic', 'lettuce', 'colby', 'mayonnaise'), ('Fried Chicken', 'Subtle', 'jalapenos', 'pepper jack', 'garlic aioli'), ('Flank Steak', 'Juicy', 'grilled peppers', 'american', 'honey mustard'), ('Sliced Turkey', 'Stellar', 'onions', 'cheddar', 'guacamole'), ('Pulled Pork', 'Fresh', 'tomato', 'provolone', 'ranch'), ('Portabella Mushroom', 'Jammin', 'pickles', 'Gruyere', 'pepper BBQ')]
2023-05-24 19:12:29,093 There are a 6 types of sandwiches, 6 types of veggies, 6 types of cheeses, and 6 types of spreads.
2023-05-24 19:12:29,093 There are a total of 24 words used in the choices and a total of 24 unique words
2023-05-24 19:12:29,093 There are no repeated words in the menu choices.
2023-05-24 19:12:29,093 
2023-05-24 19:12:29,093 String Lists 2. Calling create_random_sandwich()
2023-05-24 19:12:29,093 Random sandwich: The Subtle Sliced Turkey with lettuce, cheddar cheese, and guacamole spread.
2023-05-24 19:12:29,094 
2023-05-24 19:12:29,094 String Lists 2. Calling create_random_sandwich()
2023-05-24 19:12:29,094 Random sandwich: The Fresh Sliced Turkey with pickles, Gruyere cheese, and honey mustard spread.
2023-05-24 19:12:29,094 
2023-05-24 19:12:29,094 String Lists 2. Calling create_random_sandwich()
2023-05-24 19:12:29,094 Random sandwich: The Jammin Flank Steak with lettuce, provolone cheese, and mayonnaise spread.
2023-05-24 19:12:29,094 
2023-05-24 19:12:29,094 String Lists 2. Calling create_random_sandwich()
2023-05-24 19:12:29,094 Random sandwich: The Fresh Flank Steak with pickles, pepper jack cheese, and pepper BBQ spread.
2023-05-24 19:12:29,094 
2023-05-24 19:12:29,094 String Lists 3. Get Unique Words
2023-05-24 19:12:29,094 Calling process_text_zen_of_python()
2023-05-24 19:12:29,097 The list of words is: ['Beautiful', 'is', 'better', 'than', 'ugly.', 'Explicit', 'is', 'better', 'than', 'implicit.', 'Simple', 'is', 'better', 'than', 'complex.', 'Complex', 'is', 'better', 'than', 'complicated.', 'Flat', 'is', 'better', 'than', 'nested.', 'Sparse', 'is', 'better', 'than', 'dense.', 'Readability', 'counts.', 'Special', 'cases', "aren't", 'special', 'enough', 'to', 'break', 'the', 'rules.', 'Although', 'practicality', 'beats', 'purity.', 'Errors', 'should', 'never', 'pass', 'silently.', 'Unless', 'explicitly', 'silenced.', 'In', 'the', 'face', 'of', 'ambiguity,', 'refuse', 'the', 'temptation', 'to', 'guess.', 'There', 'should', 'be', 'one--', 'and', 'preferably', 'only', 'one', '--obvious', 'way', 'to', 'do', 'it.', 'Although', 'that', 'way', 'may', 'not', 'be', 'obvious', 'at', 'first', 'unless', "you're", 'Dutch.', 'Now', 'is', 'better', 'than', 'never.', 'Although', 'never', 'is', 'often', 'better', 'than', '*right*', 'now.', 'If', 'the', 'implementation', 'is', 'hard', 'to', 'explain,', "it's", 'a', 'bad', 'idea.', 'If', 'the', 'implementation', 'is', 'easy', 'to', 'explain,', 'it', 'may', 'be', 'a', 'good', 'idea.', 'Namespaces', 'are', 'one', 'honking', 'great', 'idea', '--', "let's", 'do', 'more', 'of', 'those!']
2023-05-24 19:12:29,097 There are 137 words in the file.
2023-05-24 19:12:29,097 The set of unique words is: {'and', 'Now', 'not', 'There', 'the', 'implementation', "you're", 'a', 'good', 'Namespaces', 'it.', 'explain,', 'idea', 'one--', 'complicated.', 'silently.', 'Beautiful', 'bad', 'Although', 'Dutch.', 'silenced.', 'Sparse', 'complex.', 'practicality', '--obvious', 'Unless', '--', 'Simple', 'of', 'preferably', 'obvious', 'Explicit', 'that', "let's", 'Readability', 'beats', 'cases', 'never', 'way', 'purity.', 'hard', 'only', 'easy', 'is', 'it', 'to', 'first', '*right*', 'one', 'explicitly', 'dense.', 'ambiguity,', 'temptation', 'enough', 'more', 'better', 'Special', 'Complex', 'idea.', 'often', 'are', 'face', 'at', 'great', 'than', 'Flat', 'Errors', 'special', 'counts.', 'refuse', 'do', 'those!', 'now.', 'guess.', 'ugly.', 'never.', 'unless', 'rules.', 'honking', 'implicit.', 'should', 'In', 'be', 'may', 'If', "it's", "aren't", 'nested.', 'pass', 'break'}
2023-05-24 19:12:29,097 There are 90 unique words in the file.
2023-05-24 19:12:29,097 Here is the sorted list: ['*right*', '--', '--obvious', 'Although', 'Although', 'Although', 'Beautiful', 'Complex', 'Dutch.', 'Errors', 'Explicit', 'Flat', 'If', 'If', 'In', 'Namespaces', 'Now', 'Readability', 'Simple', 'Sparse', 'Special', 'There', 'Unless', 'a', 'a', 'ambiguity,', 'and', 'are', "aren't", 'at', 'bad', 'be', 'be', 'be', 'beats', 'better', 'better', 'better', 'better', 'better', 'better', 'better', 'better', 'break', 'cases', 'complex.', 'complicated.', 'counts.', 'dense.', 'do', 'do', 'easy', 'enough', 'explain,', 'explain,', 'explicitly', 'face', 'first', 'good', 'great', 'guess.', 'hard', 'honking', 'idea', 'idea.', 'idea.', 'implementation', 'implementation', 'implicit.', 'is', 'is', 'is', 'is', 'is', 'is', 'is', 'is', 'is', 'is', 'it', "it's", 'it.', "let's", 'may', 'may', 'more', 'nested.', 'never', 'never', 'never.', 'not', 'now.', 'obvious', 'of', 'of', 'often', 'one', 'one', 'one--', 'only', 'pass', 'practicality', 'preferably', 'purity.', 'refuse', 'rules.', 'should', 'should', 'silenced.', 'silently.', 'special', 'temptation', 'than', 'than', 'than', 'than', 'than', 'than', 'than', 'than', 'that', 'the', 'the', 'the', 'the', 'the', 'those!', 'to', 'to', 'to', 'to', 'to', 'ugly.', 'unless', 'way', 'way', "you're"]
